0 info it worked if it ends with ok
1 verbose cli [ 'C:\\Program Files\\nodejs\\node.exe',
1 verbose cli   'C:\\Program Files\\nodejs\\node_modules\\npm\\bin\\npm-cli.js',
1 verbose cli   'start' ]
2 info using npm@3.10.10
3 info using node@v6.11.0
4 verbose run-script [ 'prestart', 'start', 'poststart' ]
5 info lifecycle server-side@0.0.0~prestart: server-side@0.0.0
6 silly lifecycle server-side@0.0.0~prestart: no script for prestart, continuing
7 info lifecycle server-side@0.0.0~start: server-side@0.0.0
8 verbose lifecycle server-side@0.0.0~start: unsafe-perm in lifecycle true
9 verbose lifecycle server-side@0.0.0~start: PATH: C:\Program Files\nodejs\node_modules\npm\bin\node-gyp-bin;C:\Users\Joshua\Desktop\Temmyogunbo.github.io\server-side\node_modules\.bin;C:\Users\Joshua\AppData\Roaming\npm;C:\Program Files\nodejs\;C:\app\Joshua\product\11.2.0\dbhome_1\bin;C:\ProgramData\Oracle\Java\javapath;C:\Windows\system32;C:\Windows;C:\Windows\System32\Wbem;C:\Windows\System32\WindowsPowerShell\v1.0\;C:\Program Files (x86)\Java\jdk1.8.0_60\bin;C:\Program Files (x86)\Android\android-sdk\platform-tools;C:\Program Files\nodejs\;C:\Program Files\Git\cmd;C:\Program Files\PostgreSQL\9.6\bin;C:\Program Files\PostgreSQL\9.6\lib;C:\Program Files\PostgreSQL\9.6\bin;C:\Program Files\PostgreSQL\9.6\lib;C:\Users\Joshua\AppData\Local\Microsoft\WindowsApps;C:\Program Files (x86)\Microsoft VS Code\bin;C:\Users\Joshua\AppData\Local\atom\bin;C:\Users\Joshua\AppData\Roaming\npm
10 verbose lifecycle server-side@0.0.0~start: CWD: C:\Users\Joshua\Desktop\Temmyogunbo.github.io\server-side
11 silly lifecycle server-side@0.0.0~start: Args: [ '/d /s /c', 'node ./bin/www' ]
12 silly lifecycle server-side@0.0.0~start: Returned: code: 1  signal: null
13 info lifecycle server-side@0.0.0~start: Failed to exec start script
14 verbose stack Error: server-side@0.0.0 start: `node ./bin/www`
14 verbose stack Exit status 1
14 verbose stack     at EventEmitter.<anonymous> (C:\Program Files\nodejs\node_modules\npm\lib\utils\lifecycle.js:255:16)
14 verbose stack     at emitTwo (events.js:106:13)
14 verbose stack     at EventEmitter.emit (events.js:191:7)
14 verbose stack     at ChildProcess.<anonymous> (C:\Program Files\nodejs\node_modules\npm\lib\utils\spawn.js:40:14)
14 verbose stack     at emitTwo (events.js:106:13)
14 verbose stack     at ChildProcess.emit (events.js:191:7)
14 verbose stack     at maybeClose (internal/child_process.js:891:16)
14 verbose stack     at Process.ChildProcess._handle.onexit (internal/child_process.js:226:5)
15 verbose pkgid server-side@0.0.0
16 verbose cwd C:\Users\Joshua\Desktop\Temmyogunbo.github.io\server-side\server
17 error Windows_NT 10.0.15063
18 error argv "C:\\Program Files\\nodejs\\node.exe" "C:\\Program Files\\nodejs\\node_modules\\npm\\bin\\npm-cli.js" "start"
19 error node v6.11.0
20 error npm  v3.10.10
21 error code ELIFECYCLE
22 error server-side@0.0.0 start: `node ./bin/www`
22 error Exit status 1
23 error Failed at the server-side@0.0.0 start script 'node ./bin/www'.
23 error Make sure you have the latest version of node.js and npm installed.
23 error If you do, this is most likely a problem with the server-side package,
23 error not with npm itself.
23 error Tell the author that this fails on your system:
23 error     node ./bin/www
23 error You can get information on how to open an issue for this project with:
23 error     npm bugs server-side
23 error Or if that isn't available, you can get their info via:
23 error     npm owner ls server-side
23 error There is likely additional logging output above.
24 verbose exit [ 1, true ]
